<?xml version="1.0" encoding="UTF-8"?>
<testng-results ignored="0" total="1" passed="1" failed="0" skipped="0">
  <reporter-output>
  </reporter-output>
  <suite started-at="2022-02-15T17:55:02 MSK" name="TestingOnlinerWithSelenium" finished-at="2022-02-15T17:55:06 MSK" duration-ms="4918">
    <groups>
    </groups>
    <test started-at="2022-02-15T17:55:02 MSK" name="OnlinerCatalogTest" finished-at="2022-02-15T17:55:06 MSK" duration-ms="4918">
      <class name="com.itechart.OnlinerTest">
        <test-method is-config="true" signature="initBrowser()[pri:0, instance:com.itechart.OnlinerTest@1d082e88]" started-at="2022-02-15T17:54:56 MSK" name="initBrowser" finished-at="2022-02-15T17:55:02 MSK" duration-ms="5795" status="PASS">
          <reporter-output>
          </reporter-output>
        </test-method> <!-- initBrowser -->
        <test-method is-config="true" signature="TestOnliner(java.lang.String,java.lang.String,java.lang.String,java.lang.String,java.lang.String)[pri:0, instance:com.itechart.OnlinerTest@1d082e88]" started-at="2022-02-15T17:55:02 MSK" name="TestOnliner" finished-at="2022-02-15T17:55:05 MSK" duration-ms="3533" status="PASS">
          <params>
            <param index="0">
              <value>
                <![CDATA[Samsung]]>
              </value>
            </param>
            <param index="1">
              <value>
                <![CDATA[1500]]>
              </value>
            </param>
            <param index="2">
              <value>
                <![CDATA[1920x1080 (Full HD)]]>
              </value>
            </param>
            <param index="3">
              <value>
                <![CDATA[40"]]>
              </value>
            </param>
            <param index="4">
              <value>
                <![CDATA[50"]]>
              </value>
            </param>
          </params>
          <reporter-output>
          </reporter-output>
        </test-method> <!-- TestOnliner -->
        <test-method signature="Resultscheck(java.lang.String,java.lang.String,java.lang.String,java.lang.String,java.lang.String)[pri:0, instance:com.itechart.OnlinerTest@1d082e88]" started-at="2022-02-15T17:55:05 MSK" name="Resultscheck" finished-at="2022-02-15T17:55:06 MSK" duration-ms="1275" status="PASS">
          <params>
            <param index="0">
              <value>
                <![CDATA[Samsung]]>
              </value>
            </param>
            <param index="1">
              <value>
                <![CDATA[1500]]>
              </value>
            </param>
            <param index="2">
              <value>
                <![CDATA[1920x1080 (Full HD)]]>
              </value>
            </param>
            <param index="3">
              <value>
                <![CDATA[40"]]>
              </value>
            </param>
            <param index="4">
              <value>
                <![CDATA[50"]]>
              </value>
            </param>
          </params>
          <reporter-output>
          </reporter-output>
        </test-method> <!-- Resultscheck -->
        <test-method is-config="true" signature="closeBrowser()[pri:0, instance:com.itechart.OnlinerTest@1d082e88]" started-at="2022-02-15T17:55:06 MSK" name="closeBrowser" finished-at="2022-02-15T17:55:06 MSK" duration-ms="102" status="PASS">
          <reporter-output>
          </reporter-output>
        </test-method> <!-- closeBrowser -->
      </class> <!-- com.itechart.OnlinerTest -->
    </test> <!-- OnlinerCatalogTest -->
  </suite> <!-- TestingOnlinerWithSelenium -->
</testng-results>
